Mutex Test
start 2025-03-29 02:53:04.327990145
end 2025-03-29 02:53:06.343749157
duration 2016ms

start 2025-03-29 02:53:06.343907437
end 2025-03-29 02:53:08.360510856
duration 2017ms

start 2025-03-29 02:53:08.360625709
end 2025-03-29 02:53:11.514879560
duration 3154ms

start 2025-03-29 02:53:11.515007996
end 2025-03-29 02:53:13.531183615
duration 2016ms

start 2025-03-29 02:53:13.531280594
end 2025-03-29 02:53:15.546089698
duration 2015ms

mymutex AVERAGE TIME (ms): 2243.6ms
start 2025-03-29 02:53:15.546237795
end 2025-03-29 02:53:17.571524164
duration 2025ms

start 2025-03-29 02:53:17.571640440
end 2025-03-29 02:53:19.593474273
duration 2022ms

start 2025-03-29 02:53:19.593605898
end 2025-03-29 02:53:21.614297956
duration 2021ms

start 2025-03-29 02:53:21.614418028
end 2025-03-29 02:53:23.636580363
duration 2022ms

start 2025-03-29 02:53:23.636782305
end 2025-03-29 02:53:25.658115545
duration 2022ms

stdmutex AVERAGE TIME: 2022.4ms
