Mutex Test
start 2025-03-29 02:53:46.986546654
end 2025-03-29 02:53:50.008210995
duration 3022ms

start 2025-03-29 02:53:50.008358038
end 2025-03-29 02:53:53.030455962
duration 3022ms

start 2025-03-29 02:53:53.030595013
end 2025-03-29 02:53:56.052873925
duration 3022ms

start 2025-03-29 02:53:56.053029706
end 2025-03-29 02:53:59.074781742
duration 3021ms

start 2025-03-29 02:53:59.074880576
end 2025-03-29 02:54:02.096325574
duration 3022ms

mymutex AVERAGE TIME (ms): 3021.8ms
start 2025-03-29 02:54:02.096508719
end 2025-03-29 02:54:05.133357608
duration 3037ms

start 2025-03-29 02:54:05.133468251
end 2025-03-29 02:54:08.164831944
duration 3031ms

start 2025-03-29 02:54:08.164950244
end 2025-03-29 02:54:11.196293230
duration 3032ms

start 2025-03-29 02:54:11.196411588
end 2025-03-29 02:54:14.228233430
duration 3032ms

start 2025-03-29 02:54:14.228354533
end 2025-03-29 02:54:17.261092563
duration 3033ms

stdmutex AVERAGE TIME: 3033ms
