Mutex Test
start 2025-03-29 02:52:44.129178680
end 2025-03-29 02:52:45.137008913
duration 1008ms

start 2025-03-29 02:52:45.137176903
end 2025-03-29 02:52:46.145252001
duration 1008ms

start 2025-03-29 02:52:46.145382359
end 2025-03-29 02:52:47.153011471
duration 1008ms

start 2025-03-29 02:52:47.153186096
end 2025-03-29 02:52:48.161005149
duration 1008ms

start 2025-03-29 02:52:48.161105011
end 2025-03-29 02:52:49.169493215
duration 1008ms

mymutex AVERAGE TIME (ms): 1008ms
start 2025-03-29 02:52:49.169620425
end 2025-03-29 02:52:50.181285984
duration 1012ms

start 2025-03-29 02:52:50.181396149
end 2025-03-29 02:52:51.193307271
duration 1012ms

start 2025-03-29 02:52:51.193468560
end 2025-03-29 02:52:52.204080860
duration 1011ms

start 2025-03-29 02:52:52.204276970
end 2025-03-29 02:52:53.214666597
duration 1010ms

start 2025-03-29 02:52:53.214828606
end 2025-03-29 02:52:54.225457809
duration 1011ms

stdmutex AVERAGE TIME: 1011.2ms
