Mutex Test
start 2025-03-29 02:54:17.264313945
end 2025-03-29 02:54:21.403357129
duration 4139ms

start 2025-03-29 02:54:21.403508201
end 2025-03-29 02:54:24.425939024
duration 3022ms

start 2025-03-29 02:54:24.426072598
end 2025-03-29 02:54:27.447139645
duration 3021ms

start 2025-03-29 02:54:27.447254170
end 2025-03-29 02:54:30.468637717
duration 3021ms

start 2025-03-29 02:54:30.468788949
end 2025-03-29 02:54:33.491147447
duration 3023ms

mymutex AVERAGE TIME (ms): 3245.2ms
start 2025-03-29 02:54:33.491338841
end 2025-03-29 02:54:36.527818817
duration 3036ms

start 2025-03-29 02:54:36.527923163
end 2025-03-29 02:54:39.559846907
duration 3032ms

start 2025-03-29 02:54:39.559948004
end 2025-03-29 02:54:42.586895743
duration 3027ms

start 2025-03-29 02:54:42.586980190
end 2025-03-29 02:54:45.622930900
duration 3036ms

start 2025-03-29 02:54:45.623022740
end 2025-03-29 02:54:48.652007925
duration 3029ms

stdmutex AVERAGE TIME: 3032ms
