Mutex Test
start 2025-03-29 02:53:25.660909889
end 2025-03-29 02:53:27.676293993
duration 2016ms

start 2025-03-29 02:53:27.676430644
end 2025-03-29 02:53:29.690281698
duration 2014ms

start 2025-03-29 02:53:29.690407305
end 2025-03-29 02:53:31.704951891
duration 2014ms

start 2025-03-29 02:53:31.705049949
end 2025-03-29 02:53:33.720380537
duration 2015ms

start 2025-03-29 02:53:33.720483617
end 2025-03-29 02:53:35.735673915
duration 2015ms

mymutex AVERAGE TIME (ms): 2014.8ms
start 2025-03-29 02:53:35.735912927
end 2025-03-29 02:53:37.758707151
duration 2023ms

start 2025-03-29 02:53:37.758808607
end 2025-03-29 02:53:39.779076607
duration 2021ms

start 2025-03-29 02:53:39.779179831
end 2025-03-29 02:53:41.799933409
duration 2020ms

start 2025-03-29 02:53:41.800044381
end 2025-03-29 02:53:43.820726777
duration 2020ms

start 2025-03-29 02:53:43.820830744
end 2025-03-29 02:53:46.984141183
duration 3164ms

stdmutex AVERAGE TIME: 2249.6ms
