Mutex Test
start 2025-03-29 02:52:54.228146909
end 2025-03-29 02:52:55.236667613
duration 1008ms

start 2025-03-29 02:52:55.236850280
end 2025-03-29 02:52:56.244755026
duration 1008ms

start 2025-03-29 02:52:56.244871450
end 2025-03-29 02:52:57.253004627
duration 1009ms

start 2025-03-29 02:52:57.253117488
end 2025-03-29 02:52:58.261206476
duration 1008ms

start 2025-03-29 02:52:58.261367422
end 2025-03-29 02:52:59.269717927
duration 1008ms

mymutex AVERAGE TIME (ms): 1008.2ms
start 2025-03-29 02:52:59.269873407
end 2025-03-29 02:53:00.280212949
duration 1011ms

start 2025-03-29 02:53:00.280312694
end 2025-03-29 02:53:01.291298674
duration 1011ms

start 2025-03-29 02:53:01.291450541
end 2025-03-29 02:53:02.302918978
duration 1011ms

start 2025-03-29 02:53:02.303017323
end 2025-03-29 02:53:03.314375921
duration 1011ms

start 2025-03-29 02:53:03.314469552
end 2025-03-29 02:53:04.324947600
duration 1010ms

stdmutex AVERAGE TIME: 1010.8ms
