mysem
start 2025-03-29 03:28:48.896015835
end 2025-03-29 03:28:54.195902209
duration 5299ms

start 2025-03-29 03:28:54.196184670
end 2025-03-29 03:28:58.254558038
duration 4058ms

start 2025-03-29 03:28:58.254676482
end 2025-03-29 03:29:02.305820679
duration 4051ms

start 2025-03-29 03:29:02.305943843
end 2025-03-29 03:29:06.412900514
duration 4107ms

start 2025-03-29 03:29:06.413024810
end 2025-03-29 03:29:10.505806283
duration 4092ms

mysem AVERAGE TIME: 4321.4ms
start 2025-03-29 03:29:10.505968533
end 2025-03-29 03:29:14.514254547
duration 4009ms

start 2025-03-29 03:29:14.514370081
end 2025-03-29 03:29:18.522631083
duration 4008ms

start 2025-03-29 03:29:18.522739427
end 2025-03-29 03:29:22.532051264
duration 4010ms

start 2025-03-29 03:29:22.532176912
end 2025-03-29 03:29:27.811772116
duration 5279ms

start 2025-03-29 03:29:27.811886464
end 2025-03-29 03:29:31.820068825
duration 4009ms

stdsem AVERAGE TIME: 4263ms
