mysem
start 2025-03-29 03:27:47.419076237
end 2025-03-29 03:27:49.443118635
duration 2024ms

start 2025-03-29 03:27:49.443267543
end 2025-03-29 03:27:51.454159143
duration 2011ms

start 2025-03-29 03:27:51.454322999
end 2025-03-29 03:27:53.477077009
duration 2023ms

start 2025-03-29 03:27:53.477192442
end 2025-03-29 03:27:55.497304045
duration 2020ms

start 2025-03-29 03:27:55.497456228
end 2025-03-29 03:27:57.508485055
duration 2011ms

mysem AVERAGE TIME: 2017.8ms
start 2025-03-29 03:27:57.508644940
end 2025-03-29 03:27:59.512597613
duration 2004ms

start 2025-03-29 03:27:59.512743375
end 2025-03-29 03:28:01.516938595
duration 2004ms

start 2025-03-29 03:28:01.517042190
end 2025-03-29 03:28:03.521130934
duration 2004ms

start 2025-03-29 03:28:03.521236447
end 2025-03-29 03:28:05.525798882
duration 2004ms

start 2025-03-29 03:28:05.525901074
end 2025-03-29 03:28:07.530130333
duration 2005ms

stdsem AVERAGE TIME: 2004.2ms
