mysem
start 2025-03-29 03:27:16.087584400
end 2025-03-29 03:27:17.095646676
duration 1008ms

start 2025-03-29 03:27:17.095793590
end 2025-03-29 03:27:18.097666695
duration 1002ms

start 2025-03-29 03:27:18.097851854
end 2025-03-29 03:27:19.100033521
duration 1003ms

start 2025-03-29 03:27:19.100152554
end 2025-03-29 03:27:20.104122191
duration 1004ms

start 2025-03-29 03:27:20.104220686
end 2025-03-29 03:27:21.107630395
duration 1003ms

mysem AVERAGE TIME: 1004ms
start 2025-03-29 03:27:21.107795968
end 2025-03-29 03:27:22.109795130
duration 1002ms

start 2025-03-29 03:27:22.109893709
end 2025-03-29 03:27:23.112086757
duration 1003ms

start 2025-03-29 03:27:23.112187588
end 2025-03-29 03:27:24.114591370
duration 1002ms

start 2025-03-29 03:27:24.114692393
end 2025-03-29 03:27:25.116591073
duration 1002ms

start 2025-03-29 03:27:25.116692780
end 2025-03-29 03:27:26.119218957
duration 1003ms

stdsem AVERAGE TIME: 1002.4ms
