mysem
start 2025-03-29 03:28:28.832875528
end 2025-03-29 03:28:30.843756004
duration 2011ms

start 2025-03-29 03:28:30.843919364
end 2025-03-29 03:28:32.847938081
duration 2004ms

start 2025-03-29 03:28:32.848068878
end 2025-03-29 03:28:34.852665703
duration 2004ms

start 2025-03-29 03:28:34.852782138
end 2025-03-29 03:28:36.865408865
duration 2013ms

start 2025-03-29 03:28:36.865512546
end 2025-03-29 03:28:38.869570813
duration 2004ms

mysem AVERAGE TIME: 2007.2ms
start 2025-03-29 03:28:38.869703061
end 2025-03-29 03:28:40.874656381
duration 2005ms

start 2025-03-29 03:28:40.874806696
end 2025-03-29 03:28:42.879831955
duration 2005ms

start 2025-03-29 03:28:42.879951951
end 2025-03-29 03:28:44.883572515
duration 2004ms

start 2025-03-29 03:28:44.883692784
end 2025-03-29 03:28:46.887555788
duration 2004ms

start 2025-03-29 03:28:46.887664259
end 2025-03-29 03:28:48.892027077
duration 2005ms

stdsem AVERAGE TIME: 2004.6ms
