mysem
start 2025-03-29 03:27:36.168389398
end 2025-03-29 03:27:37.170820632
duration 1002ms

start 2025-03-29 03:27:37.170950213
end 2025-03-29 03:27:38.172871902
duration 1002ms

start 2025-03-29 03:27:38.173017386
end 2025-03-29 03:27:39.174638343
duration 1001ms

start 2025-03-29 03:27:39.174737188
end 2025-03-29 03:27:40.176466128
duration 1002ms

start 2025-03-29 03:27:40.176628431
end 2025-03-29 03:27:41.179600398
duration 1003ms

mysem AVERAGE TIME: 1002ms
start 2025-03-29 03:27:41.181621885
end 2025-03-29 03:27:42.184101724
duration 1003ms

start 2025-03-29 03:27:42.184249379
end 2025-03-29 03:27:44.407786746
duration 2223ms

start 2025-03-29 03:27:44.407915969
end 2025-03-29 03:27:45.410229902
duration 1003ms

start 2025-03-29 03:27:45.410338822
end 2025-03-29 03:27:46.412639285
duration 1002ms

start 2025-03-29 03:27:46.412769134
end 2025-03-29 03:27:47.415297367
duration 1003ms

stdsem AVERAGE TIME: 1246.8ms
