mysem
start 2025-03-29 03:30:13.602553725
end 2025-03-29 03:30:17.616023020
duration 4014ms

start 2025-03-29 03:30:17.616186604
end 2025-03-29 03:30:21.752678985
duration 4136ms

start 2025-03-29 03:30:21.752836247
end 2025-03-29 03:30:25.794621686
duration 4042ms

start 2025-03-29 03:30:25.794777730
end 2025-03-29 03:30:29.831111091
duration 4037ms

start 2025-03-29 03:30:29.831219677
end 2025-03-29 03:30:35.194314797
duration 5363ms

mysem AVERAGE TIME: 4318.4ms
start 2025-03-29 03:30:35.194484447
end 2025-03-29 03:30:39.202807054
duration 4008ms

start 2025-03-29 03:30:39.202917530
end 2025-03-29 03:30:43.210895083
duration 4008ms

start 2025-03-29 03:30:43.211010574
end 2025-03-29 03:30:47.219483740
duration 4008ms

start 2025-03-29 03:30:47.219612726
end 2025-03-29 03:30:51.229642943
duration 4010ms

start 2025-03-29 03:30:51.229777890
end 2025-03-29 03:30:55.238418702
duration 4009ms

stdsem AVERAGE TIME: 4008.6ms
