mysem
start 2025-03-29 03:27:26.123419062
end 2025-03-29 03:27:27.135021637
duration 1012ms

start 2025-03-29 03:27:27.135150946
end 2025-03-29 03:27:28.136418840
duration 1001ms

start 2025-03-29 03:27:28.136516678
end 2025-03-29 03:27:29.139104454
duration 1003ms

start 2025-03-29 03:27:29.139247842
end 2025-03-29 03:27:30.150011748
duration 1011ms

start 2025-03-29 03:27:30.150151133
end 2025-03-29 03:27:31.153661910
duration 1003ms

mysem AVERAGE TIME: 1006ms
start 2025-03-29 03:27:31.153837061
end 2025-03-29 03:27:32.155807560
duration 1002ms

start 2025-03-29 03:27:32.155912681
end 2025-03-29 03:27:33.158555519
duration 1003ms

start 2025-03-29 03:27:33.158658456
end 2025-03-29 03:27:34.161011013
duration 1003ms

start 2025-03-29 03:27:34.161129865
end 2025-03-29 03:27:35.163151385
duration 1002ms

start 2025-03-29 03:27:35.163252263
end 2025-03-29 03:27:36.165182159
duration 1002ms

stdsem AVERAGE TIME: 1002.4ms
