mysem
start 2025-03-29 03:28:07.532645637
end 2025-03-29 03:28:09.546002464
duration 2014ms

start 2025-03-29 03:28:09.546200565
end 2025-03-29 03:28:11.556638235
duration 2010ms

start 2025-03-29 03:28:11.556744843
end 2025-03-29 03:28:13.570698216
duration 2014ms

start 2025-03-29 03:28:13.570805885
end 2025-03-29 03:28:15.586046559
duration 2016ms

start 2025-03-29 03:28:15.586162679
end 2025-03-29 03:28:18.806401335
duration 3220ms

mysem AVERAGE TIME: 2254.8ms
start 2025-03-29 03:28:18.806522173
end 2025-03-29 03:28:20.810368719
duration 2004ms

start 2025-03-29 03:28:20.810471667
end 2025-03-29 03:28:22.814650364
duration 2004ms

start 2025-03-29 03:28:22.814772610
end 2025-03-29 03:28:24.819707078
duration 2005ms

start 2025-03-29 03:28:24.819822289
end 2025-03-29 03:28:26.825072543
duration 2006ms

start 2025-03-29 03:28:26.825272689
end 2025-03-29 03:28:28.830164223
duration 2005ms

stdsem AVERAGE TIME: 2004.8ms
