mysem
start 2025-03-29 03:29:31.822896137
end 2025-03-29 03:29:35.990537437
duration 4168ms

start 2025-03-29 03:29:35.990720202
end 2025-03-29 03:29:40.117057326
duration 4127ms

start 2025-03-29 03:29:40.117159493
end 2025-03-29 03:29:44.174428387
duration 4057ms

start 2025-03-29 03:29:44.174575205
end 2025-03-29 03:29:48.260858517
duration 4086ms

start 2025-03-29 03:29:48.260977047
end 2025-03-29 03:29:52.288312934
duration 4028ms

mysem AVERAGE TIME: 4093.2ms
start 2025-03-29 03:29:52.288466277
end 2025-03-29 03:29:56.296035793
duration 4008ms

start 2025-03-29 03:29:56.296176362
end 2025-03-29 03:30:01.572135421
duration 5276ms

start 2025-03-29 03:30:01.572260936
end 2025-03-29 03:30:05.580954222
duration 4008ms

start 2025-03-29 03:30:05.581090755
end 2025-03-29 03:30:09.588633041
duration 4007ms

start 2025-03-29 03:30:09.588736769
end 2025-03-29 03:30:13.598521072
duration 4010ms

stdsem AVERAGE TIME: 4261.8ms
